--------------------------------------------------------------------------------
Release 14.7 Trace  (nt64)
Copyright (c) 1995-2013 Xilinx, Inc.  All rights reserved.

C:\Xilinx\14.7\ISE_DS\ISE\bin\nt64\unwrapped\trce.exe -intstyle ise -v 3 -s 4
-n 3 -fastpaths -xml ttttt.twx ttttt.ncd -o ttttt.twr ttttt.pcf -ucf lab4.ucf

Design file:              ttttt.ncd
Physical constraint file: ttttt.pcf
Device,package,speed:     xc3s400,tq144,-4 (PRODUCTION 1.39 2013-10-13)
Report level:             verbose report

Environment Variable      Effect 
--------------------      ------ 
NONE                      No environment variables were set
--------------------------------------------------------------------------------

INFO:Timing:2698 - No timing constraints found, doing default enumeration.
INFO:Timing:3412 - To improve timing, see the Timing Closure User Guide (UG612).
INFO:Timing:2752 - To get complete path coverage, use the unconstrained paths 
   option. All paths that are not constrained will be reported in the 
   unconstrained paths section(s) of the report.
INFO:Timing:3339 - The clock-to-out numbers in this timing report are based on 
   a 50 Ohm transmission line loading model.  For the details of this model, 
   and for more information on accounting for different loading conditions, 
   please see the device datasheet.
INFO:Timing:3390 - This architecture does not support a default System Jitter 
   value, please add SYSTEM_JITTER constraint to the UCF to modify the Clock 
   Uncertainty calculation.
INFO:Timing:3389 - This architecture does not support 'Discrete Jitter' and 
   'Phase Error' calculations, these terms will be zero in the Clock 
   Uncertainty calculation.  Please make appropriate modification to 
   SYSTEM_JITTER to account for the unsupported Discrete Jitter and Phase 
   Error.



Data Sheet report:
-----------------
All values displayed in nanoseconds (ns)

Clock clock to Pad
------------+------------+------------------+--------+
            | clk (edge) |                  | Clock  |
Destination |   to PAD   |Internal Clock(s) | Phase  |
------------+------------+------------------+--------+
Y<0>        |   12.909(R)|clock_BUFGP       |   0.000|
Y<1>        |   13.503(R)|clock_BUFGP       |   0.000|
Y<2>        |   12.503(R)|clock_BUFGP       |   0.000|
Y<3>        |   13.295(R)|clock_BUFGP       |   0.000|
Y<4>        |   13.441(R)|clock_BUFGP       |   0.000|
Y<5>        |   12.545(R)|clock_BUFGP       |   0.000|
Y<6>        |   13.638(R)|clock_BUFGP       |   0.000|
com<0>      |   10.615(R)|clock_BUFGP       |   0.000|
com<1>      |   10.243(R)|clock_BUFGP       |   0.000|
com<2>      |    9.871(R)|clock_BUFGP       |   0.000|
com<3>      |   10.426(R)|clock_BUFGP       |   0.000|
dot         |   10.252(R)|clock_BUFGP       |   0.000|
------------+------------+------------------+--------+

Clock to Setup on destination clock clock
---------------+---------+---------+---------+---------+
               | Src:Rise| Src:Fall| Src:Rise| Src:Fall|
Source Clock   |Dest:Rise|Dest:Rise|Dest:Fall|Dest:Fall|
---------------+---------+---------+---------+---------+
clock          |    8.016|         |         |         |
---------------+---------+---------+---------+---------+


Analysis completed Mon Feb 12 11:57:32 2018 
--------------------------------------------------------------------------------

Trace Settings:
-------------------------
Trace Settings 

Peak Memory Usage: 195 MB



