--------------------------------------------------------------------------------
Release 14.7 Trace  (nt64)
Copyright (c) 1995-2013 Xilinx, Inc.  All rights reserved.

C:\Xilinx\14.7\ISE_DS\ISE\bin\nt64\unwrapped\trce.exe -intstyle ise -v 3 -s 4
-n 3 -fastpaths -xml Clock.twx Clock.ncd -o Clock.twr Clock.pcf -ucf
clockpin.ucf

Design file:              Clock.ncd
Physical constraint file: Clock.pcf
Device,package,speed:     xc3s400,tq144,-4 (PRODUCTION 1.39 2013-10-13)
Report level:             verbose report

Environment Variable      Effect 
--------------------      ------ 
NONE                      No environment variables were set
--------------------------------------------------------------------------------

INFO:Timing:2698 - No timing constraints found, doing default enumeration.
INFO:Timing:3412 - To improve timing, see the Timing Closure User Guide (UG612).
INFO:Timing:2752 - To get complete path coverage, use the unconstrained paths 
   option. All paths that are not constrained will be reported in the 
   unconstrained paths section(s) of the report.
INFO:Timing:3339 - The clock-to-out numbers in this timing report are based on 
   a 50 Ohm transmission line loading model.  For the details of this model, 
   and for more information on accounting for different loading conditions, 
   please see the device datasheet.
INFO:Timing:3390 - This architecture does not support a default System Jitter 
   value, please add SYSTEM_JITTER constraint to the UCF to modify the Clock 
   Uncertainty calculation.
INFO:Timing:3389 - This architecture does not support 'Discrete Jitter' and 
   'Phase Error' calculations, these terms will be zero in the Clock 
   Uncertainty calculation.  Please make appropriate modification to 
   SYSTEM_JITTER to account for the unsupported Discrete Jitter and Phase 
   Error.



Data Sheet report:
-----------------
All values displayed in nanoseconds (ns)

Setup/Hold to clock clock
------------+------------+------------+------------------+--------+
            |Max Setup to|Max Hold to |                  | Clock  |
Source      | clk (edge) | clk (edge) |Internal Clock(s) | Phase  |
------------+------------+------------+------------------+--------+
alarm       |    2.286(R)|    0.005(R)|clock_BUFGP       |   0.000|
b1          |    1.490(R)|    0.583(R)|clock_BUFGP       |   0.000|
b2          |    1.157(R)|    0.579(R)|clock_BUFGP       |   0.000|
butH        |    2.616(R)|   -0.618(R)|clock_BUFGP       |   0.000|
butM        |    2.309(R)|   -0.373(R)|clock_BUFGP       |   0.000|
sw1         |    2.929(R)|    0.179(R)|clock_BUFGP       |   0.000|
sw2         |    2.542(R)|    0.270(R)|clock_BUFGP       |   0.000|
------------+------------+------------+------------------+--------+

Clock clock to Pad
------------+------------+------------------+--------+
            | clk (edge) |                  | Clock  |
Destination |   to PAD   |Internal Clock(s) | Phase  |
------------+------------+------------------+--------+
com<0>      |    9.736(R)|clock_BUFGP       |   0.000|
com<1>      |    9.872(R)|clock_BUFGP       |   0.000|
com<2>      |    9.796(R)|clock_BUFGP       |   0.000|
com<3>      |    9.785(R)|clock_BUFGP       |   0.000|
dot         |   10.020(R)|clock_BUFGP       |   0.000|
led         |   10.286(R)|clock_BUFGP       |   0.000|
led1        |   10.480(R)|clock_BUFGP       |   0.000|
led2        |   10.588(R)|clock_BUFGP       |   0.000|
led3        |    7.382(R)|clock_BUFGP       |   0.000|
led4        |    7.382(R)|clock_BUFGP       |   0.000|
led5        |    7.382(R)|clock_BUFGP       |   0.000|
y<0>        |   11.581(R)|clock_BUFGP       |   0.000|
y<1>        |   11.613(R)|clock_BUFGP       |   0.000|
y<2>        |   11.316(R)|clock_BUFGP       |   0.000|
y<3>        |   11.385(R)|clock_BUFGP       |   0.000|
y<4>        |   11.622(R)|clock_BUFGP       |   0.000|
y<5>        |   10.501(R)|clock_BUFGP       |   0.000|
y<6>        |   10.372(R)|clock_BUFGP       |   0.000|
------------+------------+------------------+--------+

Clock to Setup on destination clock clock
---------------+---------+---------+---------+---------+
               | Src:Rise| Src:Fall| Src:Rise| Src:Fall|
Source Clock   |Dest:Rise|Dest:Rise|Dest:Fall|Dest:Fall|
---------------+---------+---------+---------+---------+
clock          |    8.307|         |         |         |
---------------+---------+---------+---------+---------+


Analysis completed Fri Apr 20 23:53:00 2018 
--------------------------------------------------------------------------------

Trace Settings:
-------------------------
Trace Settings 

Peak Memory Usage: 199 MB



