Release 14.7 - ngc2edif P.20131013 (nt)
Copyright (c) 1995-2013 Xilinx, Inc.  All rights reserved.
Reading design lab8.ngc ...
WARNING:NetListWriters:298 - No output is written to lab8.xncf, ignored.
Processing design ...
   Preping design's networks ...
   Preping design's macros ...
WARNING:NetListWriters:306 - Signal bus Mcompar_com_cmp_gt0000_lut<8 : 0> on
   block lab8 is not reconstructed, because there are some missing bus signals.
  finished :Prep
Writing EDIF netlist file lab8.edif ...
ngc2edif: Total memory usage is 111416 kilobytes

Release 14.7 - ngc2edif P.20131013 (nt)
Copyright (c) 1995-2013 Xilinx, Inc.  All rights reserved.
Reading design lab8.ngc ...
WARNING:NetListWriters:298 - No output is written to lab8.xncf, ignored.
Processing design ...
   Preping design's networks ...
   Preping design's macros ...
WARNING:NetListWriters:306 - Signal bus Mcompar_com_cmp_gt0000_lut<8 : 0> on
   block lab8 is not reconstructed, because there are some missing bus signals.
  finished :Prep
Writing EDIF netlist file lab8.edif ...
ngc2edif: Total memory usage is 111352 kilobytes

